<?xml version="1.0" encoding="UTF-8"?>
<testsuite name="PileTest$MultiplePileTests" tests="3" skipped="0" failures="0" errors="0" timestamp="2022-11-13T05:22:51" hostname="penguin" time="0.011">
  <properties/>
  <testcase name="test getting the average for a nutrient back from the pile()" classname="PileTest$MultiplePileTests" time="0.006"/>
  <testcase name="test adding multiple cubes to the pile()" classname="PileTest$MultiplePileTests" time="0.001"/>
  <testcase name="test getting a list of nutreints back from the pile()" classname="PileTest$MultiplePileTests" time="0.001"/>
  <system-out><![CDATA[42.99322837478087 equals 42.99322837478087
There are 6 cubes in the pile
{C=59.14321917993286, N=42.99322837478087, P=56.447184417374984, K=48.89954509407071, S=73.67793443437772}
]]></system-out>
  <system-err><![CDATA[]]></system-err>
</testsuite>
