<?xml version="1.0" encoding="UTF-8"?>
<testsuite name="PileTest" tests="1" skipped="0" failures="0" errors="0" timestamp="2022-11-13T05:22:51" hostname="penguin" time="0.044">
  <properties/>
  <testcase name="test adding a cube to the pile()" classname="PileTest" time="0.044"/>
  <system-out><![CDATA[]]></system-out>
  <system-err><![CDATA[]]></system-err>
</testsuite>
